<?xml version="1.0" encoding="UTF-8"?>
<!-- Generated by org.testng.reporters.JUnitReportReporter -->
<testsuite skipped="1" hostname="LAPTOP-QTSC4OAN" name="chainingRequests.DeleteIncident" tests="1" failures="0" timestamp="2020-12-22T11:22:28 IST" time="0.000" errors="0">
  <testcase name="deleteIncident" time="0.000" classname="chainingRequests.DeleteIncident">
    <skipped/>
  </testcase> <!-- deleteIncident -->
  <system-out/>
</testsuite> <!-- chainingRequests.DeleteIncident -->
