<?xml version="1.0" encoding="UTF-8"?>
<!-- Generated by org.testng.reporters.JUnitReportReporter -->
<testsuite skipped="0" hostname="LAPTOP-QTSC4OAN" name="basics.GetChangeRequestsInXML" tests="1" failures="0" timestamp="2020-12-13T12:11:47 IST" time="6.624" errors="0">
  <testcase name="getChangeRequest" time="6.624" classname="basics.GetChangeRequestsInXML"/>
  <system-out/>
</testsuite> <!-- basics.GetChangeRequestsInXML -->
