<?xml version="1.0" encoding="UTF-8"?>
<!-- Generated by org.testng.reporters.JUnitReportReporter -->
<testsuite skipped="0" hostname="LAPTOP-QTSC4OAN" name="WireMock.getIncident" tests="1" failures="0" timestamp="2020-12-21T11:08:54 IST" time="1.314" errors="0">
  <testcase name="getIncidents" time="1.314" classname="WireMock.getIncident"/>
  <system-out/>
</testsuite> <!-- WireMock.getIncident -->
