<?xml version="1.0" encoding="UTF-8"?>
<!-- Generated by org.testng.reporters.JUnitReportReporter -->
<testsuite skipped="0" hostname="LAPTOP-QTSC4OAN" name="Advanced.ResponseTime" tests="1" failures="0" timestamp="2020-12-16T12:43:35 IST" time="1.386" errors="0">
  <testcase name="getUsers" time="1.386" classname="Advanced.ResponseTime"/>
  <system-out/>
</testsuite> <!-- Advanced.ResponseTime -->
