<?xml version="1.0" encoding="UTF-8"?>
<!-- Generated by org.testng.reporters.JUnitReportReporter -->
<testsuite skipped="0" hostname="LAPTOP-QTSC4OAN" name="Advanced.FilterResponses" tests="1" failures="0" timestamp="2020-12-16T12:37:17 IST" time="1.595" errors="0">
  <testcase name="getUsers" time="1.595" classname="Advanced.FilterResponses"/>
  <system-out/>
</testsuite> <!-- Advanced.FilterResponses -->
