<?xml version="1.0" encoding="UTF-8"?>
<!-- Generated by org.testng.reporters.JUnitReportReporter -->
<testsuite skipped="0" hostname="LAPTOP-QTSC4OAN" name="basics.CreateIncidentWithFile" tests="2" failures="0" timestamp="2020-12-12T23:46:42 IST" time="10.713" errors="0">
  <testcase name="createRequest_multiData" time="5.357" classname="basics.CreateIncidentWithFile"/>
  <system-out/>
  <testcase name="createRequest_multiData" time="5.356" classname="basics.CreateIncidentWithFile"/>
  <system-out/>
</testsuite> <!-- basics.CreateIncidentWithFile -->
