<?xml version="1.0" encoding="UTF-8"?>
<!-- Generated by org.testng.reporters.JUnitReportReporter -->
<testsuite skipped="0" hostname="LAPTOP-QTSC4OAN" name="WireMock.PostIncident_Stub" tests="1" failures="0" timestamp="2020-12-22T11:01:36 IST" time="1.274" errors="0">
  <testcase name="getIncidents" time="1.274" classname="WireMock.PostIncident_Stub"/>
  <system-out/>
</testsuite> <!-- WireMock.PostIncident_Stub -->
